Using pre-set license
Built from '2020.3/staging' branch; Version is '2020.3.5f1 (8095aa901b9b) revision 8426922'; Using compiler version '192528614'; Build Type 'Release'
OS: 'Windows 10 Education; OS build 19044.1288; Version 2009; 64bit' Language: 'en' Physical Memory: 32726 MB
BatchMode: 1, IsHumanControllingUs: 0, StartBugReporterOnCrash: 0, Is64bit: 1, IsPro: 0

 COMMAND LINE ARGUMENTS:
C:\Program Files\Unity\Hub\Editor\2020.3.5f1\Editor\Unity.exe
-adb2
-batchMode
-noUpm
-name
AssetImportWorker0
-projectPath
C:/Users/s213321/Documents/UnityProjects/MultiplayerFPS_EuanWJ/MultiplayerFPS
-logFile
Logs/AssetImportWorker0.log
-srvPort
50246
Successfully changed project path to: C:/Users/s213321/Documents/UnityProjects/MultiplayerFPS_EuanWJ/MultiplayerFPS
C:/Users/s213321/Documents/UnityProjects/MultiplayerFPS_EuanWJ/MultiplayerFPS
Using Asset Import Pipeline V2.
Refreshing native plugins compatible for Editor in 39.48 ms, found 0 plugins.
Preloading 0 native plugins for Editor in 0.00 ms.
Initialize engine version: 2020.3.5f1 (8095aa901b9b)
[Subsystems] Discovering subsystems at path C:/Program Files/Unity/Hub/Editor/2020.3.5f1/Editor/Data/Resources/UnitySubsystems
[Subsystems] Discovering subsystems at path C:/Users/s213321/Documents/UnityProjects/MultiplayerFPS_EuanWJ/MultiplayerFPS/Assets
GfxDevice: creating device client; threaded=0
Direct3D:
    Version:  Direct3D 11.0 [level 11.1]
    Renderer: NVIDIA GeForce GTX 1060 6GB (ID=0x1c03)
    Vendor:   
    VRAM:     6052 MB
    Driver:   30.0.14.9676
Initialize mono
Mono path[0] = 'C:/Program Files/Unity/Hub/Editor/2020.3.5f1/Editor/Data/Managed'
Mono path[1] = 'C:/Program Files/Unity/Hub/Editor/2020.3.5f1/Editor/Data/MonoBleedingEdge/lib/mono/unityjit'
Mono config path = 'C:/Program Files/Unity/Hub/Editor/2020.3.5f1/Editor/Data/MonoBleedingEdge/etc'
Using monoOptions --debugger-agent=transport=dt_socket,embedding=1,server=y,suspend=n,address=127.0.0.1:56060
Begin MonoManager ReloadAssembly
Registering precompiled unity dll's ...
Register platform support module: C:/Program Files/Unity/Hub/Editor/2020.3.5f1/Editor/Data/PlaybackEngines/WebGLSupport/UnityEditor.WebGL.Extensions.dll
Register platform support module: C:/Program Files/Unity/Hub/Editor/2020.3.5f1/Editor/Data/PlaybackEngines/WindowsStandaloneSupport/UnityEditor.WindowsStandalone.Extensions.dll
Registered in 0.002203 seconds.
Native extension for WindowsStandalone target not found
Native extension for WebGL target not found
Refreshing native plugins compatible for Editor in 36.48 ms, found 0 plugins.
Preloading 0 native plugins for Editor in 0.00 ms.
Mono: successfully reloaded assembly
- Completed reload, in  1.123 seconds
Platform modules already initialized, skipping
Registering precompiled user dll's ...
Registered in 0.001224 seconds.
Begin MonoManager ReloadAssembly
Native extension for WindowsStandalone target not found
Native extension for WebGL target not found
Refreshing native plugins compatible for Editor in 0.34 ms, found 0 plugins.
Preloading 0 native plugins for Editor in 0.00 ms.
Mono: successfully reloaded assembly
- Completed reload, in  0.868 seconds
Platform modules already initialized, skipping
========================================================================
Worker process is ready to serve import requests
Launched and connected shader compiler UnityShaderCompiler.exe after 0.04 seconds
Refreshing native plugins compatible for Editor in 0.77 ms, found 0 plugins.
Preloading 0 native plugins for Editor in 0.00 ms.
Unloading 1794 Unused Serialized files (Serialized files now loaded: 0)
System memory in use before: 156.7 MB.
System memory in use after: 156.8 MB.

Unloading 75 unused Assets to reduce memory usage. Loaded Objects now: 2235.
Total: 2.743300 ms (FindLiveObjects: 0.423000 ms CreateObjectMapping: 0.269300 ms MarkObjects: 1.857700 ms  DeleteObjects: 0.192000 ms)

========================================================================
Received Import Request.
  path: Assets/StarterScene.unity
  artifactKey: Guid(54dc56afd4040e64e90473c98e0438d4) Importer(815301076,1909f56bfc062723c751e8b465ee728b)
Start importing Assets/StarterScene.unity using Guid(54dc56afd4040e64e90473c98e0438d4) Importer(815301076,1909f56bfc062723c751e8b465ee728b)  -> (artifact id: 'ad71a66fd1e0de04821cd5a32a243e73') in 0.011182 seconds
  Import took 0.014719 seconds .

========================================================================
Received Prepare
Refreshing native plugins compatible for Editor in 1.01 ms, found 0 plugins.
Preloading 0 native plugins for Editor in 0.00 ms.
Unloading 4 Unused Serialized files (Serialized files now loaded: 0)
System memory in use before: 117.9 MB.
System memory in use after: 118.0 MB.

Unloading 4 unused Assets to reduce memory usage. Loaded Objects now: 2235.
Total: 1.869400 ms (FindLiveObjects: 0.192300 ms CreateObjectMapping: 0.055900 ms MarkObjects: 1.543800 ms  DeleteObjects: 0.075300 ms)

========================================================================
Received Import Request.
  Time since last request: 203.680441 seconds.
  path: Assets/Killbox.cs
  artifactKey: Guid(f9ebb7a93ed269742b914c7d1713284b) Importer(815301076,1909f56bfc062723c751e8b465ee728b)
Start importing Assets/Killbox.cs using Guid(f9ebb7a93ed269742b914c7d1713284b) Importer(815301076,1909f56bfc062723c751e8b465ee728b)  -> (artifact id: '73b75ce540a1317120446f65a42dd6c2') in 0.029883 seconds
  Import took 0.032630 seconds .

========================================================================
Received Import Request.
  Time since last request: 5.309483 seconds.
  path: Assets/FPS/FPSMicrogame_README.txt
  artifactKey: Guid(5f583f555fd60864f8527738219ec58f) Importer(815301076,1909f56bfc062723c751e8b465ee728b)
Start importing Assets/FPS/FPSMicrogame_README.txt using Guid(5f583f555fd60864f8527738219ec58f) Importer(815301076,1909f56bfc062723c751e8b465ee728b)  -> (artifact id: '7d66f44cc9b6e840ccc0865f1e396064') in 0.014085 seconds
  Import took 0.018035 seconds .

========================================================================
Received Import Request.
  Time since last request: 0.010760 seconds.
  path: Assets/FPS/FPSMicrogame_README.txt
  artifactKey: Guid(5f583f555fd60864f8527738219ec58f) Importer(815301076,1909f56bfc062723c751e8b465ee728b)
Start importing Assets/FPS/FPSMicrogame_README.txt using Guid(5f583f555fd60864f8527738219ec58f) Importer(815301076,1909f56bfc062723c751e8b465ee728b)  -> (artifact id: '7d66f44cc9b6e840ccc0865f1e396064') in 0.005370 seconds
  Import took 0.008496 seconds .

========================================================================
Received Import Request.
  Time since last request: 0.602144 seconds.
  path: Assets/FPS/Third-PartyNotice.txt
  artifactKey: Guid(cb83e91a00d95f74e8cbb29c4f6cdfed) Importer(815301076,1909f56bfc062723c751e8b465ee728b)
Start importing Assets/FPS/Third-PartyNotice.txt using Guid(cb83e91a00d95f74e8cbb29c4f6cdfed) Importer(815301076,1909f56bfc062723c751e8b465ee728b)  -> (artifact id: 'f80f41fd0c47a713b1ed5b687b23d8a6') in 0.008191 seconds
  Import took 0.010796 seconds .

========================================================================
Received Import Request.
  Time since last request: 1.292554 seconds.
  path: Assets/FPS/Animation
  artifactKey: Guid(1196d99c6d2bcd143a6841927e1edab1) Importer(815301076,1909f56bfc062723c751e8b465ee728b)
Start importing Assets/FPS/Animation using Guid(1196d99c6d2bcd143a6841927e1edab1) Importer(815301076,1909f56bfc062723c751e8b465ee728b)  -> (artifact id: '73a329c79cb0b647ac9cb4bc7e9610f2') in 0.008740 seconds
  Import took 0.012067 seconds .

========================================================================
Received Import Request.
  Time since last request: 0.002322 seconds.
  path: Assets/FPS/Animation
  artifactKey: Guid(1196d99c6d2bcd143a6841927e1edab1) Importer(815301076,1909f56bfc062723c751e8b465ee728b)
Start importing Assets/FPS/Animation using Guid(1196d99c6d2bcd143a6841927e1edab1) Importer(815301076,1909f56bfc062723c751e8b465ee728b)  -> (artifact id: '73a329c79cb0b647ac9cb4bc7e9610f2') in 0.003309 seconds
  Import took 0.006525 seconds .

========================================================================
Received Import Request.
  Time since last request: 0.429974 seconds.
  path: Assets/FPS/Art
  artifactKey: Guid(1e6659ad4e9fef64bbfd302c5e31496c) Importer(815301076,1909f56bfc062723c751e8b465ee728b)
Start importing Assets/FPS/Art using Guid(1e6659ad4e9fef64bbfd302c5e31496c) Importer(815301076,1909f56bfc062723c751e8b465ee728b)  -> (artifact id: 'a804f9d0fda5addeec652ef8fd512f01') in 0.006084 seconds
  Import took 0.009820 seconds .

========================================================================
Received Import Request.
  Time since last request: 0.788689 seconds.
  path: Assets/ProBuilder Data/Default Color Palette.asset
  artifactKey: Guid(bd5434d9080d46d4f8dfd8419becdfcc) Importer(815301076,1909f56bfc062723c751e8b465ee728b)
Start importing Assets/ProBuilder Data/Default Color Palette.asset using Guid(bd5434d9080d46d4f8dfd8419becdfcc) Importer(815301076,1909f56bfc062723c751e8b465ee728b)  -> (artifact id: '8c18e40f1475c2b74ae33bb5a3022127') in 0.010472 seconds
  Import took 0.013060 seconds .

========================================================================
Received Import Request.
  Time since last request: 0.000259 seconds.
  path: Assets/ProBuilder Data/Default Material Palette.asset
  artifactKey: Guid(8f0b1c7c2cfa1214998aa7d6faad04de) Importer(815301076,1909f56bfc062723c751e8b465ee728b)
Start importing Assets/ProBuilder Data/Default Material Palette.asset using Guid(8f0b1c7c2cfa1214998aa7d6faad04de) Importer(815301076,1909f56bfc062723c751e8b465ee728b)  -> (artifact id: 'c9ca203c4232d8cab9013516caa77cbc') in 0.006956 seconds
  Import took 0.009393 seconds .

========================================================================
Received Import Request.
  Time since last request: 156.561851 seconds.
  path: Assets
  artifactKey: Guid(00000000000000001000000000000000) Importer(815301076,1909f56bfc062723c751e8b465ee728b)
Start importing Assets using Guid(00000000000000001000000000000000) Importer(815301076,1909f56bfc062723c751e8b465ee728b)  -> (artifact id: 'e4856052512617ee48189cf1d7999900') in 0.007986 seconds
  Import took 0.011715 seconds .

========================================================================
Received Prepare
Registering precompiled user dll's ...
Registered in 0.001227 seconds.
Begin MonoManager ReloadAssembly
Native extension for WindowsStandalone target not found
Native extension for WebGL target not found
Refreshing native plugins compatible for Editor in 0.35 ms, found 0 plugins.
Preloading 0 native plugins for Editor in 0.00 ms.
Warning: Annotation not found!
UnityEngine.StackTraceUtility:ExtractStackTrace ()
UnityEditor.ProBuilder.EditorUtility:SetGizmoIconEnabled (System.Type,bool) (at C:/Users/RHYS.BARTHOLOMEW/Desktop/Multiplayer Shooter Level Design/Library/PackageCache/com.unity.probuilder@5.0.1/Editor/EditorCore/EditorUtility.cs:575)
UnityEditor.ProBuilder.HierarchyListener:.cctor () (at C:/Users/RHYS.BARTHOLOMEW/Desktop/Multiplayer Shooter Level Design/Library/PackageCache/com.unity.probuilder@5.0.1/Editor/EditorCore/HierarchyListener.cs:21)
System.Runtime.CompilerServices.RuntimeHelpers:RunClassConstructor (System.RuntimeTypeHandle)
UnityEditor.EditorAssemblies:ProcessInitializeOnLoadAttributes (System.Type[])

[C:/Users/RHYS.BARTHOLOMEW/Desktop/Multiplayer Shooter Level Design/Library/PackageCache/com.unity.probuilder@5.0.1/Editor/EditorCore/EditorUtility.cs line 575]

Mono: successfully reloaded assembly
- Completed reload, in  0.809 seconds
Platform modules already initialized, skipping
Refreshing native plugins compatible for Editor in 0.36 ms, found 0 plugins.
Preloading 0 native plugins for Editor in 0.00 ms.
Unloading 1751 Unused Serialized files (Serialized files now loaded: 0)
System memory in use before: 153.4 MB.
System memory in use after: 153.4 MB.

Unloading 6 unused Assets to reduce memory usage. Loaded Objects now: 2238.
Total: 2.650300 ms (FindLiveObjects: 0.390800 ms CreateObjectMapping: 0.101500 ms MarkObjects: 2.063400 ms  DeleteObjects: 0.093200 ms)

========================================================================
Received Import Request.
  Time since last request: 10.213343 seconds.
  path: Assets/New Material.mat
  artifactKey: Guid(9525c48e6cc3872428965d5c343b7fbc) Importer(815301076,1909f56bfc062723c751e8b465ee728b)
Start importing Assets/New Material.mat using Guid(9525c48e6cc3872428965d5c343b7fbc) Importer(815301076,1909f56bfc062723c751e8b465ee728b)  -> (artifact id: 'fc767e2b8b03cef29a519262d9a0c03d') in 0.080910 seconds
  Import took 0.083569 seconds .

========================================================================
Received Import Request.
  Time since last request: 4.703777 seconds.
  path: Assets/Materials
  artifactKey: Guid(1460dd3ee46a5d64daa0427a0bcd1dc3) Importer(815301076,1909f56bfc062723c751e8b465ee728b)
Start importing Assets/Materials using Guid(1460dd3ee46a5d64daa0427a0bcd1dc3) Importer(815301076,1909f56bfc062723c751e8b465ee728b)  -> (artifact id: '5462f63ee801f3130f95d34d4b9e73cb') in 0.008323 seconds
  Import took 0.011463 seconds .

========================================================================
Received Import Request.
  Time since last request: 11.644087 seconds.
  path: Assets/Textures
  artifactKey: Guid(5766804912960914888a75081945a5f6) Importer(815301076,1909f56bfc062723c751e8b465ee728b)
Start importing Assets/Textures using Guid(5766804912960914888a75081945a5f6) Importer(815301076,1909f56bfc062723c751e8b465ee728b)  -> (artifact id: '7f21693982170cf42cbadb7d8c7c2197') in 0.006210 seconds
  Import took 0.010461 seconds .

========================================================================
Received Import Request.
  Time since last request: 26.568998 seconds.
  path: Assets/Textures/LevelMap.png
  artifactKey: Guid(79ea32da9af76a4498ccdd0947a89f21) Importer(815301076,1909f56bfc062723c751e8b465ee728b)
Start importing Assets/Textures/LevelMap.png using Guid(79ea32da9af76a4498ccdd0947a89f21) Importer(815301076,1909f56bfc062723c751e8b465ee728b)  -> (artifact id: '97dbbf0101e8651200f2c1215cc2b872') in 0.021649 seconds
  Import took 0.024885 seconds .

========================================================================
Received Prepare
Registering precompiled user dll's ...
Registered in 0.002016 seconds.
Begin MonoManager ReloadAssembly
Native extension for WindowsStandalone target not found
Native extension for WebGL target not found
Refreshing native plugins compatible for Editor in 0.45 ms, found 0 plugins.
Preloading 0 native plugins for Editor in 0.00 ms.
Warning: Annotation not found!
UnityEngine.StackTraceUtility:ExtractStackTrace ()
UnityEditor.ProBuilder.EditorUtility:SetGizmoIconEnabled (System.Type,bool) (at C:/Users/RHYS.BARTHOLOMEW/Desktop/Multiplayer Shooter Level Design/Library/PackageCache/com.unity.probuilder@5.0.1/Editor/EditorCore/EditorUtility.cs:575)
UnityEditor.ProBuilder.HierarchyListener:.cctor () (at C:/Users/RHYS.BARTHOLOMEW/Desktop/Multiplayer Shooter Level Design/Library/PackageCache/com.unity.probuilder@5.0.1/Editor/EditorCore/HierarchyListener.cs:21)
System.Runtime.CompilerServices.RuntimeHelpers:RunClassConstructor (System.RuntimeTypeHandle)
UnityEditor.EditorAssemblies:ProcessInitializeOnLoadAttributes (System.Type[])

[C:/Users/RHYS.BARTHOLOMEW/Desktop/Multiplayer Shooter Level Design/Library/PackageCache/com.unity.probuilder@5.0.1/Editor/EditorCore/EditorUtility.cs line 575]

Mono: successfully reloaded assembly
- Completed reload, in  0.989 seconds
Platform modules already initialized, skipping
Refreshing native plugins compatible for Editor in 0.47 ms, found 0 plugins.
Preloading 0 native plugins for Editor in 0.00 ms.
Unloading 1751 Unused Serialized files (Serialized files now loaded: 0)
System memory in use before: 156.4 MB.
System memory in use after: 156.4 MB.

Unloading 6 unused Assets to reduce memory usage. Loaded Objects now: 2282.
Total: 2.935600 ms (FindLiveObjects: 0.307600 ms CreateObjectMapping: 0.119300 ms MarkObjects: 2.427100 ms  DeleteObjects: 0.079500 ms)

========================================================================
Received Import Request.
  Time since last request: 547.772246 seconds.
  path: Assets/Materials/Map.mat
  artifactKey: Guid(9525c48e6cc3872428965d5c343b7fbc) Importer(815301076,1909f56bfc062723c751e8b465ee728b)
Start importing Assets/Materials/Map.mat using Guid(9525c48e6cc3872428965d5c343b7fbc) Importer(815301076,1909f56bfc062723c751e8b465ee728b)  -> (artifact id: '7b8022934fbe8aa038be61d3dc66715b') in 0.056560 seconds
  Import took 0.060067 seconds .

AssetImportWorkerClient::OnTransportError - code=2 error=End of file
